  Test.cpp
E:\C++\Template\Template\Test.cpp(24,4): error C2955: “A”: 使用 类 模板 需要 模板 参数列表
E:\C++\Template\Template\Test.cpp(8): message : 参见“A”的声明
E:\C++\Template\Template\Test.cpp(24,10): error C2514: “A”: 无法构建类模板
E:\C++\Template\Template\Test.cpp(8): message : 参见“A”的声明
